<?xml version="1.0" encoding="UTF-8"?>
<!-- Generated by org.testng.reporters.JUnitXMLReporter -->
<testsuite hostname="DESKTOP-0BH9N96" ignored="1" name="RegressionTest" tests="2" failures="0" timestamp="2023-02-16T07:15:49 IST" time="19.835" errors="0">
  <testcase name="redirectionOnRegisterPage" time="2.974" classname="com.testpages.LandingPageTest"/>
  <testcase name="doLogin" time="5.972" classname="com.testpages.LoginPageTest"/>
  <testcase name="registrationFromWithValidData" time="0.0" classname="com.testpages.RegistrationPageTest">
    <ignored/>
  </testcase> <!-- registrationFromWithValidData -->
</testsuite> <!-- RegressionTest -->
